<?xml version="1.0" encoding="UTF-8"?>
<testsuite xmlns:xsi="http://www.w3.org/2001/XMLSchema-instance" xsi:noNamespaceSchemaLocation="https://maven.apache.org/surefire/maven-surefire-plugin/xsd/surefire-test-report.xsd" name="com.aslinformationservices.calculator.CalculatorTest" time="0.158" tests="8" errors="0" skipped="0" failures="0">
  <properties>
[...]
</properties>
  <testcase name="testDivideByZero" classname="com.aslinformationservices.calculator.CalculatorTest" time="0.091"/>
  <testcase name="testAdd" classname="com.aslinformationservices.calculator.CalculatorTest" time="0.005"/>
  <testcase name="testSubtract" classname="com.aslinformationservices.calculator.CalculatorTest" time="0.003"/>
  <testcase name="testEquationSolver" classname="com.aslinformationservices.calculator.CalculatorTest" time="0.007"/>
  <testcase name="testCustomFeatureMeanEmpty" classname="com.aslinformationservices.calculator.CalculatorTest" time="0.002"/>
  <testcase name="testDivide" classname="com.aslinformationservices.calculator.CalculatorTest" time="0.002"/>
  <testcase name="testMultiply" classname="com.aslinformationservices.calculator.CalculatorTest" time="0.002"/>
  <testcase name="testCustomFeatureMean" classname="com.aslinformationservices.calculator.CalculatorTest" time="0.001"/>
</testsuite>